0 info it worked if it ends with ok
1 verbose cli [ '/home/ubuntu/.nvm/versions/node/v6.11.2/bin/node',
1 verbose cli   '/home/ubuntu/.nvm/versions/node/v6.11.2/bin/npm',
1 verbose cli   'install',
1 verbose cli   'pokeapi-js-wrapper',
1 verbose cli   '--save' ]
2 info using npm@3.10.10
3 info using node@v6.11.2
4 silly loadCurrentTree Starting
5 silly install loadCurrentTree
6 silly install readLocalPackageData
7 silly fetchPackageMetaData pokeapi-js-wrapper
8 silly fetchDirectoryPackageData pokeapi-js-wrapper
9 silly install normalizeTree
10 silly loadCurrentTree Finishing
11 silly loadIdealTree Starting
12 silly install loadIdealTree
13 silly cloneCurrentTree Starting
14 silly install cloneCurrentTreeToIdealTree
15 silly cloneCurrentTree Finishing
16 silly loadShrinkwrap Starting
17 silly install loadShrinkwrap
18 silly loadShrinkwrap Finishing
19 silly loadAllDepsIntoIdealTree Starting
20 silly install loadAllDepsIntoIdealTree
21 silly resolveWithNewModule pokeapi-js-wrapper@1.1.1 checking installable status
22 silly cache add args [ 'pokeapi-js-wrapper', null ]
23 verbose cache add spec pokeapi-js-wrapper
24 silly cache add parsed spec Result {
24 silly cache add   raw: 'pokeapi-js-wrapper',
24 silly cache add   scope: null,
24 silly cache add   escapedName: 'pokeapi-js-wrapper',
24 silly cache add   name: null,
24 silly cache add   rawSpec: 'pokeapi-js-wrapper',
24 silly cache add   spec: '/home/ubuntu/workspace/cool group work for only the cooler kidz/upperline-basic-sinatra-template/pokeapi-js-wrapper',
24 silly cache add   type: 'directory' }
25 verbose addLocalDirectory /home/ubuntu/.npm/pokeapi-js-wrapper/1.1.1/package.tgz not in flight; packing
26 verbose correctMkdir /home/ubuntu/.npm correctMkdir not in flight; initializing
27 info lifecycle pokeapi-js-wrapper@1.1.1~prepublish: pokeapi-js-wrapper@1.1.1
28 verbose lifecycle pokeapi-js-wrapper@1.1.1~prepublish: unsafe-perm in lifecycle true
29 verbose lifecycle pokeapi-js-wrapper@1.1.1~prepublish: PATH: /home/ubuntu/.nvm/versions/node/v6.11.2/lib/node_modules/npm/bin/node-gyp-bin:/home/ubuntu/workspace/cool group work for only the cooler kidz/upperline-basic-sinatra-template/pokeapi-js-wrapper/node_modules/.bin:/home/ubuntu/.nvm/versions/node/v6.11.2/bin:/usr/local/rvm/gems/ruby-2.4.0/bin:/usr/local/rvm/gems/ruby-2.4.0@global/bin:/usr/local/rvm/rubies/ruby-2.4.0/bin:/mnt/shared/bin:/home/ubuntu/workspace/node_modules/.bin:/home/ubuntu/bin:/usr/local/sbin:/usr/local/bin:/usr/sbin:/usr/bin:/sbin:/bin:/mnt/shared/sbin:/opt/gitl:/opt/go/bin:/mnt/shared/c9/app.nw/bin:/usr/local/rvm/bin
30 verbose lifecycle pokeapi-js-wrapper@1.1.1~prepublish: CWD: /home/ubuntu/workspace/cool group work for only the cooler kidz/upperline-basic-sinatra-template/pokeapi-js-wrapper
31 silly lifecycle pokeapi-js-wrapper@1.1.1~prepublish: Args: [ '-c', 'npm run build' ]
32 silly lifecycle pokeapi-js-wrapper@1.1.1~prepublish: Returned: code: 1  signal: null
33 info lifecycle pokeapi-js-wrapper@1.1.1~prepublish: Failed to exec prepublish script
34 error addLocal Could not install /home/ubuntu/workspace/cool group work for only the cooler kidz/upperline-basic-sinatra-template/pokeapi-js-wrapper
35 silly rollbackFailedOptional Starting
36 silly rollbackFailedOptional Finishing
37 silly runTopLevelLifecycles Finishing
38 silly install printInstalled
39 verbose stack Error: pokeapi-js-wrapper@1.1.1 prepublish: `npm run build`
39 verbose stack Exit status 1
39 verbose stack     at EventEmitter.<anonymous> (/home/ubuntu/.nvm/versions/node/v6.11.2/lib/node_modules/npm/lib/utils/lifecycle.js:255:16)
39 verbose stack     at emitTwo (events.js:106:13)
39 verbose stack     at EventEmitter.emit (events.js:191:7)
39 verbose stack     at ChildProcess.<anonymous> (/home/ubuntu/.nvm/versions/node/v6.11.2/lib/node_modules/npm/lib/utils/spawn.js:40:14)
39 verbose stack     at emitTwo (events.js:106:13)
39 verbose stack     at ChildProcess.emit (events.js:191:7)
39 verbose stack     at maybeClose (internal/child_process.js:891:16)
39 verbose stack     at Process.ChildProcess._handle.onexit (internal/child_process.js:226:5)
40 verbose pkgid pokeapi-js-wrapper@1.1.1
41 verbose cwd /home/ubuntu/workspace/cool group work for only the cooler kidz/upperline-basic-sinatra-template
42 error Linux 4.9.80-c9
43 error argv "/home/ubuntu/.nvm/versions/node/v6.11.2/bin/node" "/home/ubuntu/.nvm/versions/node/v6.11.2/bin/npm" "install" "pokeapi-js-wrapper" "--save"
44 error node v6.11.2
45 error npm  v3.10.10
46 error code ELIFECYCLE
47 error pokeapi-js-wrapper@1.1.1 prepublish: `npm run build`
47 error Exit status 1
48 error Failed at the pokeapi-js-wrapper@1.1.1 prepublish script 'npm run build'.
48 error Make sure you have the latest version of node.js and npm installed.
48 error If you do, this is most likely a problem with the pokeapi-js-wrapper package,
48 error not with npm itself.
48 error Tell the author that this fails on your system:
48 error     npm run build
48 error You can get information on how to open an issue for this project with:
48 error     npm bugs pokeapi-js-wrapper
48 error Or if that isn't available, you can get their info via:
48 error     npm owner ls pokeapi-js-wrapper
48 error There is likely additional logging output above.
49 verbose exit [ 1, true ]
